exploratory_data_analyser:DEBUG 2021-11-30 12:05:27,906 -  Starting Class
exploratory_data_analyser:DEBUG 2021-11-30 12:05:27,908 -  Current full_df.head()
              District  Area (m²)  Bedrooms  Bathrooms  Garage Cars  Rent (R$)  Condominium Fee (R$)  Total Value (R$)  Value per m²
0  Vila Nova Conceição        100         3          3            1       8500                   600              9100         91.00
1               Centro         70         2          2            1       2100                   780              2880         41.14
2                Moema        110         2          3            2       4200                  1400              5600         50.91
3            Liberdade         39         1          1            1       2700                   540              3240         83.08
4           Campo Belo         45         1          1            1       1950                   580              2530         56.22
exploratory_data_analyser:DEBUG 2021-11-30 12:05:27,913 -  Current full_df.info()
<class 'pandas.core.frame.DataFrame'>
Int64Index: 9865 entries, 0 to 9864
Data columns (total 9 columns):
 #   Column                Non-Null Count  Dtype   
---  ------                --------------  -----   
 0   District              9865 non-null   category
 1   Area (m²)             9865 non-null   int16   
 2   Bedrooms              9865 non-null   int16   
 3   Bathrooms             9865 non-null   int16   
 4   Garage Cars           9865 non-null   int16   
 5   Rent (R$)             9865 non-null   int32   
 6   Condominium Fee (R$)  9865 non-null   int32   
 7   Total Value (R$)      9865 non-null   int32   
 8   Value per m²          9865 non-null   float32 
dtypes: category(1), float32(1), int16(4), int32(3)
memory usage: 320.6 KB

exploratory_data_analyser:DEBUG 2021-11-30 12:05:27,929 -  Current full_df.describe()
       Area (m²)  Bedrooms  Bathrooms  Garage Cars  Rent (R$)  Condominium Fee (R$)  Total Value (R$)  Value per m²
count   9,865.00  9,865.00   9,865.00     9,865.00   9,865.00              9,865.00          9,865.00      9,865.00
mean       83.47      2.07       1.97         1.31   4,048.40                956.65          5,005.05         58.18
std        62.49      0.86       1.21         0.94   5,817.11                974.79          6,593.43         26.55
min        10.00      1.00       1.00         0.00     500.00                  0.00            500.00         14.00
25%        50.00      1.00       1.00         1.00   1,800.00                500.00          2,440.00         39.92
50%        66.00      2.00       2.00         1.00   2,600.00                750.00          3,400.00         52.20
75%        95.00      3.00       2.00         2.00   4,000.00              1,100.00          5,150.00         70.00
max       753.00      5.00       8.00        10.00 180,000.00             24,000.00        204,000.00        272.00
exploratory_data_analyser:DEBUG 2021-11-30 12:05:27,929 -  Generating district_x_area.png
exploratory_data_analyser:DEBUG 2021-11-30 12:05:31,046 -  Generating district_x_value.png
exploratory_data_analyser:DEBUG 2021-11-30 12:05:33,948 -  Generating district_x_valuepm.png
exploratory_data_analyser:DEBUG 2021-11-30 12:05:37,144 -  Generating describe_df.png
exploratory_data_analyser:DEBUG 2021-11-30 12:05:37,158 -  Generating describe_area.png
exploratory_data_analyser:DEBUG 2021-11-30 12:05:37,341 -  Generating describe_bedrooms.png
exploratory_data_analyser:DEBUG 2021-11-30 12:05:37,507 -  Generating describe_bathrooms.png
exploratory_data_analyser:DEBUG 2021-11-30 12:05:37,679 -  Generating describe_garagecars.png
exploratory_data_analyser:DEBUG 2021-11-30 12:05:37,918 -  Generating describe_rent.png
exploratory_data_analyser:DEBUG 2021-11-30 12:05:38,091 -  Generating describe_condfee.png
exploratory_data_analyser:DEBUG 2021-11-30 12:05:38,263 -  Generating describe_value.png
exploratory_data_analyser:DEBUG 2021-11-30 12:05:38,442 -  Generating describe_valuepm.png
exploratory_data_analyser:DEBUG 2021-11-30 12:05:38,608 -  Generating feats_correlation_heatmap.png
exploratory_data_analyser:DEBUG 2021-11-30 12:05:38,934 -  Ending Class
